<?xml version="1.0" encoding="UTF-8"?>
<!-- Generated by org.testng.reporters.JUnitReportReporter -->
<testsuite hostname="DESKTOP-QSD88I6" failures="0" tests="2" name="testCases.TC_001_AccountRegistrationTest" time="5.696" errors="0" timestamp="2023-09-27T10:15:18 IST" skipped="0">
  <testcase classname="testCases.TC_001_AccountRegistrationTest" name="test_account_Registration" time="1.426"/>
  <system-out/>
  <testcase classname="testCases.TC_001_AccountRegistrationTest" name="test_account_Registration" time="4.270"/>
  <system-out/>
</testsuite> <!-- testCases.TC_001_AccountRegistrationTest -->
