<?xml version="1.0" encoding="UTF-8"?>
<!-- Generated by org.testng.reporters.JUnitReportReporter -->
<testsuite hostname="DESKTOP-QSD88I6" failures="0" tests="1" name="testCases.TC_001_AccountRegistrationtTest" time="3.031" errors="0" timestamp="2023-09-28T11:15:18 IST" skipped="0">
  <testcase classname="testCases.TC_001_AccountRegistrationtTest" name="test_account_Registration" time="3.031"/>
  <system-out/>
</testsuite> <!-- testCases.TC_001_AccountRegistrationtTest -->
