<?xml version="1.0" encoding="UTF-8"?>
<!-- Generated by org.testng.reporters.JUnitReportReporter -->
<testsuite hostname="DESKTOP-QSD88I6" failures="0" tests="1" name="testCases.TC_002_LoginTest" time="1.532" errors="0" timestamp="2023-09-28T15:43:59 IST" skipped="0">
  <testcase classname="testCases.TC_002_LoginTest" name="test_Login" time="1.532"/>
</testsuite> <!-- testCases.TC_002_LoginTest -->
